<?xml version="1.0" encoding="UTF-8"?>
<!-- Generated by org.testng.reporters.JUnitReportReporter -->
<testsuite skipped="0" hostname="Viju" name="VerifyStatement.GetAccountBal_Test" tests="1" failures="0" timestamp="2022-05-30T18:29:31 IST" time="20.381" errors="0">
  <testcase name="Statement" time="20.381" classname="VerifyStatement.GetAccountBal_Test"/>
  <system-out/>
</testsuite> <!-- VerifyStatement.GetAccountBal_Test -->
