<?xml version="1.0" encoding="UTF-8"?>
<!-- Generated by org.testng.reporters.JUnitReportReporter -->
<testsuite skipped="0" hostname="Viju" name="KiteHomeTest.Holding_list_box_Test" tests="1" failures="0" timestamp="2022-05-30T19:39:48 IST" time="10.138" errors="0">
  <testcase name="HoldingList" time="10.138" classname="KiteHomeTest.Holding_list_box_Test"/>
  <system-out/>
</testsuite> <!-- KiteHomeTest.Holding_list_box_Test -->
